<?xml version="1.0" encoding="utf-8"?><testsuites name="pytest tests"><testsuite name="pytest" errors="0" failures="0" skipped="0" tests="26" time="0.108" timestamp="2026-01-17T21:57:44.031047+01:00" hostname="DESKTOP-5LKQA49"><testcase classname="tests.test_api" name="test_recommender_get" time="0.017" /><testcase classname="tests.test_api" name="test_recommender_missing_length" time="0.001" /><testcase classname="tests.test_api" name="test_recommender_invalid_length" time="0.002" /><testcase classname="tests.test_api" name="test_recommender_too_short" time="0.001" /><testcase classname="tests.test_api" name="test_recommender_young_kids" time="0.001" /><testcase classname="tests.test_api" name="test_recommender_intense" time="0.001" /><testcase classname="tests.test_api" name="test_recommender_too_tall" time="0.001" /><testcase classname="tests.test_api" name="test_all_coaster_pages[Wodan]" time="0.003" /><testcase classname="tests.test_api" name="test_all_coaster_pages[Arthur]" time="0.002" /><testcase classname="tests.test_api" name="test_all_coaster_pages[Voltron]" time="0.002" /><testcase classname="tests.test_api" name="test_all_coaster_pages[Alpen_Express]" time="0.002" /><testcase classname="tests.test_api" name="test_all_coaster_pages[Schweizer_Bobbahn]" time="0.002" /><testcase classname="tests.test_api" name="test_all_coaster_pages[Matterhorn_Blitz]" time="0.002" /><testcase classname="tests.test_api" name="test_all_coaster_pages[Ba_a_a_Express]" time="0.003" /><testcase classname="tests.test_api" name="test_all_coaster_pages[Silverstar]" time="0.003" /><testcase classname="tests.test_api" name="test_all_coaster_pages[Poseidon]" time="0.003" /><testcase classname="tests.test_api" name="test_all_coaster_pages[Blue_Fire]" time="0.002" /><testcase classname="tests.test_api" name="test_all_coaster_pages[Cancan_Coaster]" time="0.002" /><testcase classname="tests.test_api" name="test_all_coaster_pages[Pegasus]" time="0.002" /><testcase classname="tests.test_api" name="test_all_coaster_pages[Atlantica_Supersplash]" time="0.002" /><testcase classname="tests.test_api" name="test_all_coaster_pages[Euromir]" time="0.002" /><testcase classname="tests.test_api" name="test_recommender_paths[110-young_kids]" time="0.001" /><testcase classname="tests.test_api" name="test_recommender_paths[125-kids]" time="0.001" /><testcase classname="tests.test_api" name="test_recommender_paths[135-intense]" time="0.002" /><testcase classname="tests.test_api" name="test_recommender_paths[150-high]" time="0.001" /><testcase classname="tests.test_api" name="test_coaster_page_unknown" time="0.001" /></testsuite></testsuites>